[2023-01-07T11:07:02.776+0530] {taskinstance.py:1087} INFO - Dependencies all met for <TaskInstance: Monthly.extract2 scheduled__2023-01-06T00:00:00+00:00 [queued]>
[2023-01-07T11:07:02.793+0530] {taskinstance.py:1087} INFO - Dependencies all met for <TaskInstance: Monthly.extract2 scheduled__2023-01-06T00:00:00+00:00 [queued]>
[2023-01-07T11:07:02.794+0530] {taskinstance.py:1283} INFO - 
--------------------------------------------------------------------------------
[2023-01-07T11:07:02.794+0530] {taskinstance.py:1284} INFO - Starting attempt 1 of 4
[2023-01-07T11:07:02.794+0530] {taskinstance.py:1285} INFO - 
--------------------------------------------------------------------------------
[2023-01-07T11:07:02.819+0530] {taskinstance.py:1304} INFO - Executing <Task(PythonOperator): extract2> on 2023-01-06 00:00:00+00:00
[2023-01-07T11:07:02.828+0530] {standard_task_runner.py:55} INFO - Started process 4391 to run task
[2023-01-07T11:07:02.834+0530] {standard_task_runner.py:82} INFO - Running: ['airflow', 'tasks', 'run', 'Monthly', 'extract2', 'scheduled__2023-01-06T00:00:00+00:00', '--job-id', '2929', '--raw', '--subdir', 'DAGS_FOLDER/Monthly.py', '--cfg-path', '/tmp/tmp1acw_njh']
[2023-01-07T11:07:02.836+0530] {standard_task_runner.py:83} INFO - Job 2929: Subtask extract2
[2023-01-07T11:07:02.916+0530] {task_command.py:389} INFO - Running <TaskInstance: Monthly.extract2 scheduled__2023-01-06T00:00:00+00:00 [running]> on host DESKTOP-SQIOQPD.
[2023-01-07T11:07:03.063+0530] {taskinstance.py:1511} INFO - Exporting the following env vars:
AIRFLOW_CTX_DAG_EMAIL=nikheleshbhattacharyya@gmail.com
AIRFLOW_CTX_DAG_OWNER=airflow
AIRFLOW_CTX_DAG_ID=Monthly
AIRFLOW_CTX_TASK_ID=extract2
AIRFLOW_CTX_EXECUTION_DATE=2023-01-06T00:00:00+00:00
AIRFLOW_CTX_TRY_NUMBER=1
AIRFLOW_CTX_DAG_RUN_ID=scheduled__2023-01-06T00:00:00+00:00
[2023-01-07T11:07:18.411+0530] {taskinstance.py:1772} ERROR - Task failed with exception
Traceback (most recent call last):
  File "/usr/local/lib/python3.8/dist-packages/airflow/operators/python.py", line 175, in execute
    return_value = self.execute_callable()
  File "/usr/local/lib/python3.8/dist-packages/airflow/operators/python.py", line 192, in execute_callable
    return self.python_callable(*self.op_args, **self.op_kwargs)
  File "/root/airflow/dags/Monthly.py", line 463, in extract2
    driver.get(url)
  File "/usr/local/lib/python3.8/dist-packages/selenium/webdriver/remote/webdriver.py", line 455, in get
    self.execute(Command.GET, {"url": url})
  File "/usr/local/lib/python3.8/dist-packages/selenium/webdriver/remote/webdriver.py", line 444, in execute
    self.error_handler.check_response(response)
  File "/usr/local/lib/python3.8/dist-packages/selenium/webdriver/remote/errorhandler.py", line 249, in check_response
    raise exception_class(message, screen, stacktrace)
selenium.common.exceptions.WebDriverException: Message: unknown error: net::ERR_NAME_NOT_RESOLVED
  (Session info: headless chrome=108.0.5359.124)
Stacktrace:
#0 0x55733291c2a3 <unknown>
#1 0x5573326daf77 <unknown>
#2 0x5573326d2e35 <unknown>
#3 0x5573326c5f27 <unknown>
#4 0x5573326c72d9 <unknown>
#5 0x5573326c629e <unknown>
#6 0x5573326c53d2 <unknown>
#7 0x5573326c5225 <unknown>
#8 0x5573326c3dc6 <unknown>
#9 0x5573326c4244 <unknown>
#10 0x5573326dce88 <unknown>
#11 0x55733274fb05 <unknown>
#12 0x557332737b32 <unknown>
#13 0x55733274f47c <unknown>
#14 0x557332737903 <unknown>
#15 0x55733270aece <unknown>
#16 0x55733270bfde <unknown>
#17 0x55733296c63e <unknown>
#18 0x55733296fb79 <unknown>
#19 0x55733295289e <unknown>
#20 0x557332970a83 <unknown>
#21 0x557332945505 <unknown>
#22 0x557332991ca8 <unknown>
#23 0x557332991e36 <unknown>
#24 0x5573329ad333 <unknown>
#25 0x7f175c8fa609 start_thread

[2023-01-07T11:07:18.435+0530] {taskinstance.py:1322} INFO - Marking task as UP_FOR_RETRY. dag_id=Monthly, task_id=extract2, execution_date=20230106T000000, start_date=20230107T053702, end_date=20230107T053718
[2023-01-07T11:07:18.457+0530] {standard_task_runner.py:100} ERROR - Failed to execute job 2929 for task extract2 (Message: unknown error: net::ERR_NAME_NOT_RESOLVED
  (Session info: headless chrome=108.0.5359.124)
Stacktrace:
#0 0x55733291c2a3 <unknown>
#1 0x5573326daf77 <unknown>
#2 0x5573326d2e35 <unknown>
#3 0x5573326c5f27 <unknown>
#4 0x5573326c72d9 <unknown>
#5 0x5573326c629e <unknown>
#6 0x5573326c53d2 <unknown>
#7 0x5573326c5225 <unknown>
#8 0x5573326c3dc6 <unknown>
#9 0x5573326c4244 <unknown>
#10 0x5573326dce88 <unknown>
#11 0x55733274fb05 <unknown>
#12 0x557332737b32 <unknown>
#13 0x55733274f47c <unknown>
#14 0x557332737903 <unknown>
#15 0x55733270aece <unknown>
#16 0x55733270bfde <unknown>
#17 0x55733296c63e <unknown>
#18 0x55733296fb79 <unknown>
#19 0x55733295289e <unknown>
#20 0x557332970a83 <unknown>
#21 0x557332945505 <unknown>
#22 0x557332991ca8 <unknown>
#23 0x557332991e36 <unknown>
#24 0x5573329ad333 <unknown>
#25 0x7f175c8fa609 start_thread
; 4391)
[2023-01-07T11:07:18.512+0530] {local_task_job.py:159} INFO - Task exited with return code 1
[2023-01-07T11:07:18.534+0530] {taskinstance.py:2582} INFO - 0 downstream tasks scheduled from follow-on schedule check
