[2023-02-03T12:41:12.021+0530] {taskinstance.py:1087} INFO - Dependencies all met for <TaskInstance: Monthly.extract manual__2023-02-03T06:32:25.930956+00:00 [queued]>
[2023-02-03T12:41:12.034+0530] {taskinstance.py:1087} INFO - Dependencies all met for <TaskInstance: Monthly.extract manual__2023-02-03T06:32:25.930956+00:00 [queued]>
[2023-02-03T12:41:12.034+0530] {taskinstance.py:1283} INFO - 
--------------------------------------------------------------------------------
[2023-02-03T12:41:12.034+0530] {taskinstance.py:1284} INFO - Starting attempt 4 of 4
[2023-02-03T12:41:12.035+0530] {taskinstance.py:1285} INFO - 
--------------------------------------------------------------------------------
[2023-02-03T12:41:12.055+0530] {taskinstance.py:1304} INFO - Executing <Task(PythonOperator): extract> on 2023-02-03 06:32:25.930956+00:00
[2023-02-03T12:41:12.063+0530] {standard_task_runner.py:55} INFO - Started process 26201 to run task
[2023-02-03T12:41:12.068+0530] {standard_task_runner.py:82} INFO - Running: ['airflow', 'tasks', 'run', 'Monthly', 'extract', 'manual__2023-02-03T06:32:25.930956+00:00', '--job-id', '3949', '--raw', '--subdir', 'DAGS_FOLDER/Monthly.py', '--cfg-path', '/tmp/tmpgbwemh4c']
[2023-02-03T12:41:12.070+0530] {standard_task_runner.py:83} INFO - Job 3949: Subtask extract
[2023-02-03T12:41:12.183+0530] {task_command.py:389} INFO - Running <TaskInstance: Monthly.extract manual__2023-02-03T06:32:25.930956+00:00 [running]> on host DESKTOP-SQIOQPD.
[2023-02-03T12:41:12.307+0530] {taskinstance.py:1511} INFO - Exporting the following env vars:
AIRFLOW_CTX_DAG_EMAIL=nikheleshbhattacharyya@gmail.com
AIRFLOW_CTX_DAG_OWNER=airflow
AIRFLOW_CTX_DAG_ID=Monthly
AIRFLOW_CTX_TASK_ID=extract
AIRFLOW_CTX_EXECUTION_DATE=2023-02-03T06:32:25.930956+00:00
AIRFLOW_CTX_TRY_NUMBER=4
AIRFLOW_CTX_DAG_RUN_ID=manual__2023-02-03T06:32:25.930956+00:00
[2023-02-03T12:43:12.214+0530] {taskinstance.py:1772} ERROR - Task failed with exception
Traceback (most recent call last):
  File "/usr/local/lib/python3.8/dist-packages/airflow/operators/python.py", line 175, in execute
    return_value = self.execute_callable()
  File "/usr/local/lib/python3.8/dist-packages/airflow/operators/python.py", line 192, in execute_callable
    return self.python_callable(*self.op_args, **self.op_kwargs)
  File "/root/airflow/dags/Monthly.py", line 478, in extract
    elem = driver.find_element(By.CLASS_NAME,"tablebg")
  File "/usr/local/lib/python3.8/dist-packages/selenium/webdriver/remote/webdriver.py", line 830, in find_element
    return self.execute(Command.FIND_ELEMENT, {"using": by, "value": value})["value"]
  File "/usr/local/lib/python3.8/dist-packages/selenium/webdriver/remote/webdriver.py", line 440, in execute
    self.error_handler.check_response(response)
  File "/usr/local/lib/python3.8/dist-packages/selenium/webdriver/remote/errorhandler.py", line 245, in check_response
    raise exception_class(message, screen, stacktrace)
selenium.common.exceptions.NoSuchElementException: Message: no such element: Unable to locate element: {"method":"css selector","selector":".tablebg"}
  (Session info: headless chrome=109.0.5414.119)
Stacktrace:
#0 0x55b976b882a3 <unknown>
#1 0x55b976946f77 <unknown>
#2 0x55b97698380c <unknown>
#3 0x55b976983a71 <unknown>
#4 0x55b9769bd734 <unknown>
#5 0x55b9769a3b5d <unknown>
#6 0x55b9769bb47c <unknown>
#7 0x55b9769a3903 <unknown>
#8 0x55b976976ece <unknown>
#9 0x55b976977fde <unknown>
#10 0x55b976bd863e <unknown>
#11 0x55b976bdbb79 <unknown>
#12 0x55b976bbe89e <unknown>
#13 0x55b976bdca83 <unknown>
#14 0x55b976bb1505 <unknown>
#15 0x55b976bfdca8 <unknown>
#16 0x55b976bfde36 <unknown>
#17 0x55b976c19333 <unknown>
#18 0x7f89c5d77609 start_thread

[2023-02-03T12:43:12.386+0530] {taskinstance.py:1322} INFO - Marking task as FAILED. dag_id=Monthly, task_id=extract, execution_date=20230203T063225, start_date=20230203T071112, end_date=20230203T071312
[2023-02-03T12:43:12.554+0530] {logging_mixin.py:137} WARNING - /usr/local/lib/python3.8/dist-packages/airflow/utils/email.py:120 RemovedInAirflow3Warning: Fetching SMTP credentials from configuration variables will be deprecated in a future release. Please set credentials using a connection instead.
[2023-02-03T12:43:12.555+0530] {configuration.py:635} WARNING - section/key [smtp/smtp_user] not found in config
[2023-02-03T12:43:12.556+0530] {email.py:229} INFO - Email alerting: attempt 1
[2023-02-03T12:43:12.564+0530] {configuration.py:635} WARNING - section/key [smtp/smtp_user] not found in config
[2023-02-03T12:43:12.565+0530] {email.py:229} INFO - Email alerting: attempt 1
[2023-02-03T12:43:12.566+0530] {taskinstance.py:1835} ERROR - Failed to send email to: ['nikheleshbhattacharyya@gmail.com']
Traceback (most recent call last):
  File "/usr/local/lib/python3.8/dist-packages/airflow/models/taskinstance.py", line 1378, in _run_raw_task
    self._execute_task_with_callbacks(context, test_mode)
  File "/usr/local/lib/python3.8/dist-packages/airflow/models/taskinstance.py", line 1524, in _execute_task_with_callbacks
    result = self._execute_task(context, task_orig)
  File "/usr/local/lib/python3.8/dist-packages/airflow/models/taskinstance.py", line 1585, in _execute_task
    result = execute_callable(context=context)
  File "/usr/local/lib/python3.8/dist-packages/airflow/operators/python.py", line 175, in execute
    return_value = self.execute_callable()
  File "/usr/local/lib/python3.8/dist-packages/airflow/operators/python.py", line 192, in execute_callable
    return self.python_callable(*self.op_args, **self.op_kwargs)
  File "/root/airflow/dags/Monthly.py", line 478, in extract
    elem = driver.find_element(By.CLASS_NAME,"tablebg")
  File "/usr/local/lib/python3.8/dist-packages/selenium/webdriver/remote/webdriver.py", line 830, in find_element
    return self.execute(Command.FIND_ELEMENT, {"using": by, "value": value})["value"]
  File "/usr/local/lib/python3.8/dist-packages/selenium/webdriver/remote/webdriver.py", line 440, in execute
    self.error_handler.check_response(response)
  File "/usr/local/lib/python3.8/dist-packages/selenium/webdriver/remote/errorhandler.py", line 245, in check_response
    raise exception_class(message, screen, stacktrace)
selenium.common.exceptions.NoSuchElementException: Message: no such element: Unable to locate element: {"method":"css selector","selector":".tablebg"}
  (Session info: headless chrome=109.0.5414.119)
Stacktrace:
#0 0x55b976b882a3 <unknown>
#1 0x55b976946f77 <unknown>
#2 0x55b97698380c <unknown>
#3 0x55b976983a71 <unknown>
#4 0x55b9769bd734 <unknown>
#5 0x55b9769a3b5d <unknown>
#6 0x55b9769bb47c <unknown>
#7 0x55b9769a3903 <unknown>
#8 0x55b976976ece <unknown>
#9 0x55b976977fde <unknown>
#10 0x55b976bd863e <unknown>
#11 0x55b976bdbb79 <unknown>
#12 0x55b976bbe89e <unknown>
#13 0x55b976bdca83 <unknown>
#14 0x55b976bb1505 <unknown>
#15 0x55b976bfdca8 <unknown>
#16 0x55b976bfde36 <unknown>
#17 0x55b976c19333 <unknown>
#18 0x7f89c5d77609 start_thread


During handling of the above exception, another exception occurred:

Traceback (most recent call last):
  File "/usr/local/lib/python3.8/dist-packages/airflow/models/taskinstance.py", line 2235, in email_alert
    send_email(task.email, subject, html_content)
  File "/usr/local/lib/python3.8/dist-packages/airflow/utils/email.py", line 59, in send_email
    return backend(
  File "/usr/local/lib/python3.8/dist-packages/airflow/utils/email.py", line 120, in send_email_smtp
    send_mime_email(e_from=mail_from, e_to=recipients, mime_msg=msg, conn_id=conn_id, dryrun=dryrun)
  File "/usr/local/lib/python3.8/dist-packages/airflow/utils/email.py", line 231, in send_mime_email
    smtp_conn = _get_smtp_connection(smtp_host, smtp_port, smtp_timeout, smtp_ssl)
  File "/usr/local/lib/python3.8/dist-packages/airflow/utils/email.py", line 265, in _get_smtp_connection
    else smtplib.SMTP(host=host, port=port, timeout=timeout)
  File "/usr/lib/python3.8/smtplib.py", line 255, in __init__
    (code, msg) = self.connect(host, port)
  File "/usr/lib/python3.8/smtplib.py", line 339, in connect
    self.sock = self._get_socket(host, port, self.timeout)
  File "/usr/lib/python3.8/smtplib.py", line 310, in _get_socket
    return socket.create_connection((host, port), timeout,
  File "/usr/lib/python3.8/socket.py", line 808, in create_connection
    raise err
  File "/usr/lib/python3.8/socket.py", line 796, in create_connection
    sock.connect(sa)
ConnectionRefusedError: [Errno 111] Connection refused

During handling of the above exception, another exception occurred:

Traceback (most recent call last):
  File "/usr/local/lib/python3.8/dist-packages/airflow/models/taskinstance.py", line 1833, in handle_failure
    self.email_alert(error, task)
  File "/usr/local/lib/python3.8/dist-packages/airflow/models/taskinstance.py", line 2237, in email_alert
    send_email(task.email, subject, html_content_err)
  File "/usr/local/lib/python3.8/dist-packages/airflow/utils/email.py", line 59, in send_email
    return backend(
  File "/usr/local/lib/python3.8/dist-packages/airflow/utils/email.py", line 120, in send_email_smtp
    send_mime_email(e_from=mail_from, e_to=recipients, mime_msg=msg, conn_id=conn_id, dryrun=dryrun)
  File "/usr/local/lib/python3.8/dist-packages/airflow/utils/email.py", line 231, in send_mime_email
    smtp_conn = _get_smtp_connection(smtp_host, smtp_port, smtp_timeout, smtp_ssl)
  File "/usr/local/lib/python3.8/dist-packages/airflow/utils/email.py", line 265, in _get_smtp_connection
    else smtplib.SMTP(host=host, port=port, timeout=timeout)
  File "/usr/lib/python3.8/smtplib.py", line 255, in __init__
    (code, msg) = self.connect(host, port)
  File "/usr/lib/python3.8/smtplib.py", line 339, in connect
    self.sock = self._get_socket(host, port, self.timeout)
  File "/usr/lib/python3.8/smtplib.py", line 310, in _get_socket
    return socket.create_connection((host, port), timeout,
  File "/usr/lib/python3.8/socket.py", line 808, in create_connection
    raise err
  File "/usr/lib/python3.8/socket.py", line 796, in create_connection
    sock.connect(sa)
ConnectionRefusedError: [Errno 111] Connection refused
[2023-02-03T12:43:12.616+0530] {standard_task_runner.py:100} ERROR - Failed to execute job 3949 for task extract (Message: no such element: Unable to locate element: {"method":"css selector","selector":".tablebg"}
  (Session info: headless chrome=109.0.5414.119)
Stacktrace:
#0 0x55b976b882a3 <unknown>
#1 0x55b976946f77 <unknown>
#2 0x55b97698380c <unknown>
#3 0x55b976983a71 <unknown>
#4 0x55b9769bd734 <unknown>
#5 0x55b9769a3b5d <unknown>
#6 0x55b9769bb47c <unknown>
#7 0x55b9769a3903 <unknown>
#8 0x55b976976ece <unknown>
#9 0x55b976977fde <unknown>
#10 0x55b976bd863e <unknown>
#11 0x55b976bdbb79 <unknown>
#12 0x55b976bbe89e <unknown>
#13 0x55b976bdca83 <unknown>
#14 0x55b976bb1505 <unknown>
#15 0x55b976bfdca8 <unknown>
#16 0x55b976bfde36 <unknown>
#17 0x55b976c19333 <unknown>
#18 0x7f89c5d77609 start_thread
; 26201)
[2023-02-03T12:43:12.665+0530] {local_task_job.py:159} INFO - Task exited with return code 1
[2023-02-03T12:43:12.733+0530] {taskinstance.py:2582} INFO - 0 downstream tasks scheduled from follow-on schedule check
