[2023-02-03T11:50:56.596+0530] {taskinstance.py:1087} INFO - Dependencies all met for <TaskInstance: Monthly.extract manual__2023-02-03T06:20:45.407481+00:00 [queued]>
[2023-02-03T11:50:56.603+0530] {taskinstance.py:1087} INFO - Dependencies all met for <TaskInstance: Monthly.extract manual__2023-02-03T06:20:45.407481+00:00 [queued]>
[2023-02-03T11:50:56.605+0530] {taskinstance.py:1283} INFO - 
--------------------------------------------------------------------------------
[2023-02-03T11:50:56.605+0530] {taskinstance.py:1284} INFO - Starting attempt 1 of 4
[2023-02-03T11:50:56.605+0530] {taskinstance.py:1285} INFO - 
--------------------------------------------------------------------------------
[2023-02-03T11:50:56.623+0530] {taskinstance.py:1304} INFO - Executing <Task(PythonOperator): extract> on 2023-02-03 06:20:45.407481+00:00
[2023-02-03T11:50:56.628+0530] {standard_task_runner.py:55} INFO - Started process 20646 to run task
[2023-02-03T11:50:56.631+0530] {standard_task_runner.py:82} INFO - Running: ['airflow', 'tasks', 'run', 'Monthly', 'extract', 'manual__2023-02-03T06:20:45.407481+00:00', '--job-id', '3927', '--raw', '--subdir', 'DAGS_FOLDER/Monthly.py', '--cfg-path', '/tmp/tmpxjhb9g3f']
[2023-02-03T11:50:56.632+0530] {standard_task_runner.py:83} INFO - Job 3927: Subtask extract
[2023-02-03T11:50:56.685+0530] {task_command.py:389} INFO - Running <TaskInstance: Monthly.extract manual__2023-02-03T06:20:45.407481+00:00 [running]> on host DESKTOP-SQIOQPD.
[2023-02-03T11:50:56.769+0530] {taskinstance.py:1511} INFO - Exporting the following env vars:
AIRFLOW_CTX_DAG_EMAIL=nikheleshbhattacharyya@gmail.com
AIRFLOW_CTX_DAG_OWNER=airflow
AIRFLOW_CTX_DAG_ID=Monthly
AIRFLOW_CTX_TASK_ID=extract
AIRFLOW_CTX_EXECUTION_DATE=2023-02-03T06:20:45.407481+00:00
AIRFLOW_CTX_TRY_NUMBER=1
AIRFLOW_CTX_DAG_RUN_ID=manual__2023-02-03T06:20:45.407481+00:00
[2023-02-03T11:52:47.786+0530] {taskinstance.py:1772} ERROR - Task failed with exception
Traceback (most recent call last):
  File "/usr/local/lib/python3.8/dist-packages/airflow/operators/python.py", line 175, in execute
    return_value = self.execute_callable()
  File "/usr/local/lib/python3.8/dist-packages/airflow/operators/python.py", line 192, in execute_callable
    return self.python_callable(*self.op_args, **self.op_kwargs)
  File "/root/airflow/dags/Monthly.py", line 478, in extract
    elem = driver.find_element(By.CLASS_NAME,"tablebg")
  File "/usr/local/lib/python3.8/dist-packages/selenium/webdriver/remote/webdriver.py", line 861, in find_element
    return self.execute(Command.FIND_ELEMENT, {"using": by, "value": value})["value"]
  File "/usr/local/lib/python3.8/dist-packages/selenium/webdriver/remote/webdriver.py", line 444, in execute
    self.error_handler.check_response(response)
  File "/usr/local/lib/python3.8/dist-packages/selenium/webdriver/remote/errorhandler.py", line 249, in check_response
    raise exception_class(message, screen, stacktrace)
selenium.common.exceptions.NoSuchElementException: Message: no such element: Unable to locate element: {"method":"css selector","selector":".tablebg"}
  (Session info: headless chrome=108.0.5359.124)
Stacktrace:
#0 0x55c0d62272a3 <unknown>
#1 0x55c0d5fe5f77 <unknown>
#2 0x55c0d602280c <unknown>
#3 0x55c0d6022a71 <unknown>
#4 0x55c0d605c734 <unknown>
#5 0x55c0d6042b5d <unknown>
#6 0x55c0d605a47c <unknown>
#7 0x55c0d6042903 <unknown>
#8 0x55c0d6015ece <unknown>
#9 0x55c0d6016fde <unknown>
#10 0x55c0d627763e <unknown>
#11 0x55c0d627ab79 <unknown>
#12 0x55c0d625d89e <unknown>
#13 0x55c0d627ba83 <unknown>
#14 0x55c0d6250505 <unknown>
#15 0x55c0d629cca8 <unknown>
#16 0x55c0d629ce36 <unknown>
#17 0x55c0d62b8333 <unknown>
#18 0x7fa26ffa6609 start_thread

[2023-02-03T11:52:47.964+0530] {taskinstance.py:1322} INFO - Marking task as UP_FOR_RETRY. dag_id=Monthly, task_id=extract, execution_date=20230203T062045, start_date=20230203T062056, end_date=20230203T062247
[2023-02-03T11:52:48.074+0530] {standard_task_runner.py:100} ERROR - Failed to execute job 3927 for task extract (Message: no such element: Unable to locate element: {"method":"css selector","selector":".tablebg"}
  (Session info: headless chrome=108.0.5359.124)
Stacktrace:
#0 0x55c0d62272a3 <unknown>
#1 0x55c0d5fe5f77 <unknown>
#2 0x55c0d602280c <unknown>
#3 0x55c0d6022a71 <unknown>
#4 0x55c0d605c734 <unknown>
#5 0x55c0d6042b5d <unknown>
#6 0x55c0d605a47c <unknown>
#7 0x55c0d6042903 <unknown>
#8 0x55c0d6015ece <unknown>
#9 0x55c0d6016fde <unknown>
#10 0x55c0d627763e <unknown>
#11 0x55c0d627ab79 <unknown>
#12 0x55c0d625d89e <unknown>
#13 0x55c0d627ba83 <unknown>
#14 0x55c0d6250505 <unknown>
#15 0x55c0d629cca8 <unknown>
#16 0x55c0d629ce36 <unknown>
#17 0x55c0d62b8333 <unknown>
#18 0x7fa26ffa6609 start_thread
; 20646)
[2023-02-03T11:52:48.117+0530] {local_task_job.py:159} INFO - Task exited with return code 1
[2023-02-03T11:52:48.193+0530] {taskinstance.py:2582} INFO - 0 downstream tasks scheduled from follow-on schedule check
