[2023-02-03T12:55:48.780+0530] {taskinstance.py:1087} INFO - Dependencies all met for <TaskInstance: Monthly.extract manual__2023-02-03T07:25:36.974687+00:00 [queued]>
[2023-02-03T12:55:48.790+0530] {taskinstance.py:1087} INFO - Dependencies all met for <TaskInstance: Monthly.extract manual__2023-02-03T07:25:36.974687+00:00 [queued]>
[2023-02-03T12:55:48.790+0530] {taskinstance.py:1283} INFO - 
--------------------------------------------------------------------------------
[2023-02-03T12:55:48.790+0530] {taskinstance.py:1284} INFO - Starting attempt 1 of 4
[2023-02-03T12:55:48.790+0530] {taskinstance.py:1285} INFO - 
--------------------------------------------------------------------------------
[2023-02-03T12:55:48.807+0530] {taskinstance.py:1304} INFO - Executing <Task(PythonOperator): extract> on 2023-02-03 07:25:36.974687+00:00
[2023-02-03T12:55:48.815+0530] {standard_task_runner.py:55} INFO - Started process 26493 to run task
[2023-02-03T12:55:48.817+0530] {standard_task_runner.py:82} INFO - Running: ['airflow', 'tasks', 'run', 'Monthly', 'extract', 'manual__2023-02-03T07:25:36.974687+00:00', '--job-id', '3955', '--raw', '--subdir', 'DAGS_FOLDER/Monthly.py', '--cfg-path', '/tmp/tmps63qjl7_']
[2023-02-03T12:55:48.819+0530] {standard_task_runner.py:83} INFO - Job 3955: Subtask extract
[2023-02-03T12:55:48.869+0530] {task_command.py:389} INFO - Running <TaskInstance: Monthly.extract manual__2023-02-03T07:25:36.974687+00:00 [running]> on host DESKTOP-SQIOQPD.
[2023-02-03T12:55:49.019+0530] {taskinstance.py:1511} INFO - Exporting the following env vars:
AIRFLOW_CTX_DAG_EMAIL=nikheleshbhattacharyya@gmail.com
AIRFLOW_CTX_DAG_OWNER=airflow
AIRFLOW_CTX_DAG_ID=Monthly
AIRFLOW_CTX_TASK_ID=extract
AIRFLOW_CTX_EXECUTION_DATE=2023-02-03T07:25:36.974687+00:00
AIRFLOW_CTX_TRY_NUMBER=1
AIRFLOW_CTX_DAG_RUN_ID=manual__2023-02-03T07:25:36.974687+00:00
[2023-02-03T12:57:51.220+0530] {taskinstance.py:1772} ERROR - Task failed with exception
Traceback (most recent call last):
  File "/usr/local/lib/python3.8/dist-packages/airflow/operators/python.py", line 175, in execute
    return_value = self.execute_callable()
  File "/usr/local/lib/python3.8/dist-packages/airflow/operators/python.py", line 192, in execute_callable
    return self.python_callable(*self.op_args, **self.op_kwargs)
  File "/root/airflow/dags/Monthly.py", line 478, in extract
    elem = driver.find_element(By.CLASS_NAME,"tablebg")
  File "/usr/local/lib/python3.8/dist-packages/selenium/webdriver/remote/webdriver.py", line 830, in find_element
    return self.execute(Command.FIND_ELEMENT, {"using": by, "value": value})["value"]
  File "/usr/local/lib/python3.8/dist-packages/selenium/webdriver/remote/webdriver.py", line 440, in execute
    self.error_handler.check_response(response)
  File "/usr/local/lib/python3.8/dist-packages/selenium/webdriver/remote/errorhandler.py", line 245, in check_response
    raise exception_class(message, screen, stacktrace)
selenium.common.exceptions.NoSuchElementException: Message: no such element: Unable to locate element: {"method":"css selector","selector":".tablebg"}
  (Session info: headless chrome=109.0.5414.119)
Stacktrace:
#0 0x55aac94d7303 <unknown>
#1 0x55aac92abd37 <unknown>
#2 0x55aac92e85b2 <unknown>
#3 0x55aac92e86c1 <unknown>
#4 0x55aac9322b34 <unknown>
#5 0x55aac93089ad <unknown>
#6 0x55aac932088c <unknown>
#7 0x55aac9308753 <unknown>
#8 0x55aac92dba14 <unknown>
#9 0x55aac92dcb7e <unknown>
#10 0x55aac952632e <unknown>
#11 0x55aac9529c0e <unknown>
#12 0x55aac950c610 <unknown>
#13 0x55aac952ac23 <unknown>
#14 0x55aac94fe545 <unknown>
#15 0x55aac954b6a8 <unknown>
#16 0x55aac954b836 <unknown>
#17 0x55aac9566d13 <unknown>
#18 0x7f4d27095609 start_thread

[2023-02-03T12:57:51.274+0530] {taskinstance.py:1322} INFO - Marking task as UP_FOR_RETRY. dag_id=Monthly, task_id=extract, execution_date=20230203T072536, start_date=20230203T072548, end_date=20230203T072751
[2023-02-03T12:57:51.327+0530] {standard_task_runner.py:100} ERROR - Failed to execute job 3955 for task extract (Message: no such element: Unable to locate element: {"method":"css selector","selector":".tablebg"}
  (Session info: headless chrome=109.0.5414.119)
Stacktrace:
#0 0x55aac94d7303 <unknown>
#1 0x55aac92abd37 <unknown>
#2 0x55aac92e85b2 <unknown>
#3 0x55aac92e86c1 <unknown>
#4 0x55aac9322b34 <unknown>
#5 0x55aac93089ad <unknown>
#6 0x55aac932088c <unknown>
#7 0x55aac9308753 <unknown>
#8 0x55aac92dba14 <unknown>
#9 0x55aac92dcb7e <unknown>
#10 0x55aac952632e <unknown>
#11 0x55aac9529c0e <unknown>
#12 0x55aac950c610 <unknown>
#13 0x55aac952ac23 <unknown>
#14 0x55aac94fe545 <unknown>
#15 0x55aac954b6a8 <unknown>
#16 0x55aac954b836 <unknown>
#17 0x55aac9566d13 <unknown>
#18 0x7f4d27095609 start_thread
; 26493)
[2023-02-03T12:57:51.349+0530] {local_task_job.py:159} INFO - Task exited with return code 1
[2023-02-03T12:57:51.399+0530] {taskinstance.py:2582} INFO - 0 downstream tasks scheduled from follow-on schedule check
