[2023-03-17T15:07:44.239+0530] {taskinstance.py:1087} INFO - Dependencies all met for <TaskInstance: Monthly.extract2 scheduled__2023-03-02T00:00:00+00:00 [queued]>
[2023-03-17T15:07:44.271+0530] {taskinstance.py:1087} INFO - Dependencies all met for <TaskInstance: Monthly.extract2 scheduled__2023-03-02T00:00:00+00:00 [queued]>
[2023-03-17T15:07:44.271+0530] {taskinstance.py:1283} INFO - 
--------------------------------------------------------------------------------
[2023-03-17T15:07:44.272+0530] {taskinstance.py:1284} INFO - Starting attempt 1 of 4
[2023-03-17T15:07:44.272+0530] {taskinstance.py:1285} INFO - 
--------------------------------------------------------------------------------
[2023-03-17T15:07:44.302+0530] {taskinstance.py:1304} INFO - Executing <Task(PythonOperator): extract2> on 2023-03-02 00:00:00+00:00
[2023-03-17T15:07:44.317+0530] {standard_task_runner.py:82} INFO - Running: ['airflow', 'tasks', 'run', 'Monthly', 'extract2', 'scheduled__2023-03-02T00:00:00+00:00', '--job-id', '4962', '--raw', '--subdir', 'DAGS_FOLDER/Monthly.py', '--cfg-path', '/tmp/tmpnvzyviwf']
[2023-03-17T15:07:44.319+0530] {standard_task_runner.py:83} INFO - Job 4962: Subtask extract2
[2023-03-17T15:07:44.311+0530] {standard_task_runner.py:55} INFO - Started process 2175 to run task
[2023-03-17T15:07:44.494+0530] {task_command.py:389} INFO - Running <TaskInstance: Monthly.extract2 scheduled__2023-03-02T00:00:00+00:00 [running]> on host DESKTOP-SQIOQPD.
[2023-03-17T15:07:44.694+0530] {taskinstance.py:1511} INFO - Exporting the following env vars:
AIRFLOW_CTX_DAG_EMAIL=nikheleshbhattacharyya@gmail.com
AIRFLOW_CTX_DAG_OWNER=airflow
AIRFLOW_CTX_DAG_ID=Monthly
AIRFLOW_CTX_TASK_ID=extract2
AIRFLOW_CTX_EXECUTION_DATE=2023-03-02T00:00:00+00:00
AIRFLOW_CTX_TRY_NUMBER=1
AIRFLOW_CTX_DAG_RUN_ID=scheduled__2023-03-02T00:00:00+00:00
[2023-03-17T15:07:46.454+0530] {logging_mixin.py:137} INFO - document.getElementById('2020').click()
[2023-03-17T15:07:46.472+0530] {taskinstance.py:1772} ERROR - Task failed with exception
Traceback (most recent call last):
  File "/usr/local/lib/python3.8/dist-packages/airflow/operators/python.py", line 175, in execute
    return_value = self.execute_callable()
  File "/usr/local/lib/python3.8/dist-packages/airflow/operators/python.py", line 192, in execute_callable
    return self.python_callable(*self.op_args, **self.op_kwargs)
  File "/root/airflow/dags/Monthly.py", line 524, in extract2
    driver.execute_script(k)
  File "/usr/local/lib/python3.8/dist-packages/selenium/webdriver/remote/webdriver.py", line 500, in execute_script
    return self.execute(command, {"script": script, "args": converted_args})["value"]
  File "/usr/local/lib/python3.8/dist-packages/selenium/webdriver/remote/webdriver.py", line 440, in execute
    self.error_handler.check_response(response)
  File "/usr/local/lib/python3.8/dist-packages/selenium/webdriver/remote/errorhandler.py", line 245, in check_response
    raise exception_class(message, screen, stacktrace)
selenium.common.exceptions.JavascriptException: Message: javascript error: Cannot read properties of null (reading 'click')
  (Session info: headless chrome=109.0.5414.119)
Stacktrace:
#0 0x563a1596e303 <unknown>
#1 0x563a15742d37 <unknown>
#2 0x563a15746608 <unknown>
#3 0x563a157463d2 <unknown>
#4 0x563a1574703c <unknown>
#5 0x563a157b83ae <unknown>
#6 0x563a1579f982 <unknown>
#7 0x563a157b788c <unknown>
#8 0x563a1579f753 <unknown>
#9 0x563a15772a14 <unknown>
#10 0x563a15773b7e <unknown>
#11 0x563a159bd32e <unknown>
#12 0x563a159c0c0e <unknown>
#13 0x563a159a3610 <unknown>
#14 0x563a159c1c23 <unknown>
#15 0x563a15995545 <unknown>
#16 0x563a159e26a8 <unknown>
#17 0x563a159e2836 <unknown>
#18 0x563a159fdd13 <unknown>
#19 0x7f05a4374609 start_thread

[2023-03-17T15:07:46.489+0530] {taskinstance.py:1322} INFO - Marking task as UP_FOR_RETRY. dag_id=Monthly, task_id=extract2, execution_date=20230302T000000, start_date=20230317T093744, end_date=20230317T093746
[2023-03-17T15:07:46.511+0530] {standard_task_runner.py:100} ERROR - Failed to execute job 4962 for task extract2 (Message: javascript error: Cannot read properties of null (reading 'click')
  (Session info: headless chrome=109.0.5414.119)
Stacktrace:
#0 0x563a1596e303 <unknown>
#1 0x563a15742d37 <unknown>
#2 0x563a15746608 <unknown>
#3 0x563a157463d2 <unknown>
#4 0x563a1574703c <unknown>
#5 0x563a157b83ae <unknown>
#6 0x563a1579f982 <unknown>
#7 0x563a157b788c <unknown>
#8 0x563a1579f753 <unknown>
#9 0x563a15772a14 <unknown>
#10 0x563a15773b7e <unknown>
#11 0x563a159bd32e <unknown>
#12 0x563a159c0c0e <unknown>
#13 0x563a159a3610 <unknown>
#14 0x563a159c1c23 <unknown>
#15 0x563a15995545 <unknown>
#16 0x563a159e26a8 <unknown>
#17 0x563a159e2836 <unknown>
#18 0x563a159fdd13 <unknown>
#19 0x7f05a4374609 start_thread
; 2175)
[2023-03-17T15:07:46.551+0530] {local_task_job.py:159} INFO - Task exited with return code 1
[2023-03-17T15:07:46.574+0530] {taskinstance.py:2582} INFO - 0 downstream tasks scheduled from follow-on schedule check
