[2023-03-17T03:07:30.731+0530] {taskinstance.py:1087} INFO - Dependencies all met for <TaskInstance: Monthly.extract2 scheduled__2023-02-25T00:00:00+00:00 [queued]>
[2023-03-17T03:07:30.741+0530] {taskinstance.py:1087} INFO - Dependencies all met for <TaskInstance: Monthly.extract2 scheduled__2023-02-25T00:00:00+00:00 [queued]>
[2023-03-17T03:07:30.741+0530] {taskinstance.py:1283} INFO - 
--------------------------------------------------------------------------------
[2023-03-17T03:07:30.741+0530] {taskinstance.py:1284} INFO - Starting attempt 1 of 4
[2023-03-17T03:07:30.741+0530] {taskinstance.py:1285} INFO - 
--------------------------------------------------------------------------------
[2023-03-17T03:07:30.757+0530] {taskinstance.py:1304} INFO - Executing <Task(PythonOperator): extract2> on 2023-02-25 00:00:00+00:00
[2023-03-17T03:07:30.765+0530] {standard_task_runner.py:55} INFO - Started process 2894 to run task
[2023-03-17T03:07:30.769+0530] {standard_task_runner.py:82} INFO - Running: ['airflow', 'tasks', 'run', 'Monthly', 'extract2', 'scheduled__2023-02-25T00:00:00+00:00', '--job-id', '4824', '--raw', '--subdir', 'DAGS_FOLDER/Monthly.py', '--cfg-path', '/tmp/tmpzc819tvl']
[2023-03-17T03:07:30.770+0530] {standard_task_runner.py:83} INFO - Job 4824: Subtask extract2
[2023-03-17T03:07:30.825+0530] {task_command.py:389} INFO - Running <TaskInstance: Monthly.extract2 scheduled__2023-02-25T00:00:00+00:00 [running]> on host DESKTOP-SQIOQPD.
[2023-03-17T03:07:30.938+0530] {taskinstance.py:1511} INFO - Exporting the following env vars:
AIRFLOW_CTX_DAG_EMAIL=nikheleshbhattacharyya@gmail.com
AIRFLOW_CTX_DAG_OWNER=airflow
AIRFLOW_CTX_DAG_ID=Monthly
AIRFLOW_CTX_TASK_ID=extract2
AIRFLOW_CTX_EXECUTION_DATE=2023-02-25T00:00:00+00:00
AIRFLOW_CTX_TRY_NUMBER=1
AIRFLOW_CTX_DAG_RUN_ID=scheduled__2023-02-25T00:00:00+00:00
[2023-03-17T03:07:32.916+0530] {logging_mixin.py:137} INFO - document.getElementById('2020').click()
[2023-03-17T03:07:32.930+0530] {taskinstance.py:1772} ERROR - Task failed with exception
Traceback (most recent call last):
  File "/usr/local/lib/python3.8/dist-packages/airflow/operators/python.py", line 175, in execute
    return_value = self.execute_callable()
  File "/usr/local/lib/python3.8/dist-packages/airflow/operators/python.py", line 192, in execute_callable
    return self.python_callable(*self.op_args, **self.op_kwargs)
  File "/root/airflow/dags/Monthly.py", line 524, in extract2
    driver.execute_script(k)
  File "/usr/local/lib/python3.8/dist-packages/selenium/webdriver/remote/webdriver.py", line 500, in execute_script
    return self.execute(command, {"script": script, "args": converted_args})["value"]
  File "/usr/local/lib/python3.8/dist-packages/selenium/webdriver/remote/webdriver.py", line 440, in execute
    self.error_handler.check_response(response)
  File "/usr/local/lib/python3.8/dist-packages/selenium/webdriver/remote/errorhandler.py", line 245, in check_response
    raise exception_class(message, screen, stacktrace)
selenium.common.exceptions.JavascriptException: Message: javascript error: Cannot read properties of null (reading 'click')
  (Session info: headless chrome=109.0.5414.119)
Stacktrace:
#0 0x55a7206aa303 <unknown>
#1 0x55a72047ed37 <unknown>
#2 0x55a720482608 <unknown>
#3 0x55a7204823d2 <unknown>
#4 0x55a72048303c <unknown>
#5 0x55a7204f43ae <unknown>
#6 0x55a7204db982 <unknown>
#7 0x55a7204f388c <unknown>
#8 0x55a7204db753 <unknown>
#9 0x55a7204aea14 <unknown>
#10 0x55a7204afb7e <unknown>
#11 0x55a7206f932e <unknown>
#12 0x55a7206fcc0e <unknown>
#13 0x55a7206df610 <unknown>
#14 0x55a7206fdc23 <unknown>
#15 0x55a7206d1545 <unknown>
#16 0x55a72071e6a8 <unknown>
#17 0x55a72071e836 <unknown>
#18 0x55a720739d13 <unknown>
#19 0x7fbf0a1a2609 start_thread

[2023-03-17T03:07:32.944+0530] {taskinstance.py:1322} INFO - Marking task as UP_FOR_RETRY. dag_id=Monthly, task_id=extract2, execution_date=20230225T000000, start_date=20230316T213730, end_date=20230316T213732
[2023-03-17T03:07:32.963+0530] {standard_task_runner.py:100} ERROR - Failed to execute job 4824 for task extract2 (Message: javascript error: Cannot read properties of null (reading 'click')
  (Session info: headless chrome=109.0.5414.119)
Stacktrace:
#0 0x55a7206aa303 <unknown>
#1 0x55a72047ed37 <unknown>
#2 0x55a720482608 <unknown>
#3 0x55a7204823d2 <unknown>
#4 0x55a72048303c <unknown>
#5 0x55a7204f43ae <unknown>
#6 0x55a7204db982 <unknown>
#7 0x55a7204f388c <unknown>
#8 0x55a7204db753 <unknown>
#9 0x55a7204aea14 <unknown>
#10 0x55a7204afb7e <unknown>
#11 0x55a7206f932e <unknown>
#12 0x55a7206fcc0e <unknown>
#13 0x55a7206df610 <unknown>
#14 0x55a7206fdc23 <unknown>
#15 0x55a7206d1545 <unknown>
#16 0x55a72071e6a8 <unknown>
#17 0x55a72071e836 <unknown>
#18 0x55a720739d13 <unknown>
#19 0x7fbf0a1a2609 start_thread
; 2894)
[2023-03-17T03:07:32.991+0530] {local_task_job.py:159} INFO - Task exited with return code 1
[2023-03-17T03:07:33.017+0530] {taskinstance.py:2582} INFO - 0 downstream tasks scheduled from follow-on schedule check
