[2023-01-06T11:17:11.347+0530] {taskinstance.py:1087} INFO - Dependencies all met for <TaskInstance: Monthly.extract2 scheduled__2023-01-05T00:00:00+00:00 [queued]>
[2023-01-06T11:17:11.366+0530] {taskinstance.py:1087} INFO - Dependencies all met for <TaskInstance: Monthly.extract2 scheduled__2023-01-05T00:00:00+00:00 [queued]>
[2023-01-06T11:17:11.367+0530] {taskinstance.py:1283} INFO - 
--------------------------------------------------------------------------------
[2023-01-06T11:17:11.367+0530] {taskinstance.py:1284} INFO - Starting attempt 1 of 4
[2023-01-06T11:17:11.367+0530] {taskinstance.py:1285} INFO - 
--------------------------------------------------------------------------------
[2023-01-06T11:17:11.402+0530] {taskinstance.py:1304} INFO - Executing <Task(PythonOperator): extract2> on 2023-01-05 00:00:00+00:00
[2023-01-06T11:17:11.417+0530] {standard_task_runner.py:55} INFO - Started process 32337 to run task
[2023-01-06T11:17:11.423+0530] {standard_task_runner.py:82} INFO - Running: ['airflow', 'tasks', 'run', 'Monthly', 'extract2', 'scheduled__2023-01-05T00:00:00+00:00', '--job-id', '2891', '--raw', '--subdir', 'DAGS_FOLDER/Monthly.py', '--cfg-path', '/tmp/tmpf1vzut04']
[2023-01-06T11:17:11.426+0530] {standard_task_runner.py:83} INFO - Job 2891: Subtask extract2
[2023-01-06T11:17:11.558+0530] {task_command.py:389} INFO - Running <TaskInstance: Monthly.extract2 scheduled__2023-01-05T00:00:00+00:00 [running]> on host DESKTOP-SQIOQPD.
[2023-01-06T11:17:11.731+0530] {taskinstance.py:1511} INFO - Exporting the following env vars:
AIRFLOW_CTX_DAG_EMAIL=nikheleshbhattacharyya@gmail.com
AIRFLOW_CTX_DAG_OWNER=airflow
AIRFLOW_CTX_DAG_ID=Monthly
AIRFLOW_CTX_TASK_ID=extract2
AIRFLOW_CTX_EXECUTION_DATE=2023-01-05T00:00:00+00:00
AIRFLOW_CTX_TRY_NUMBER=1
AIRFLOW_CTX_DAG_RUN_ID=scheduled__2023-01-05T00:00:00+00:00
[2023-01-06T11:17:24.693+0530] {taskinstance.py:1772} ERROR - Task failed with exception
Traceback (most recent call last):
  File "/usr/local/lib/python3.8/dist-packages/airflow/operators/python.py", line 175, in execute
    return_value = self.execute_callable()
  File "/usr/local/lib/python3.8/dist-packages/airflow/operators/python.py", line 192, in execute_callable
    return self.python_callable(*self.op_args, **self.op_kwargs)
  File "/root/airflow/dags/Monthly.py", line 463, in extract2
    driver.get(url)
  File "/usr/local/lib/python3.8/dist-packages/selenium/webdriver/remote/webdriver.py", line 455, in get
    self.execute(Command.GET, {"url": url})
  File "/usr/local/lib/python3.8/dist-packages/selenium/webdriver/remote/webdriver.py", line 444, in execute
    self.error_handler.check_response(response)
  File "/usr/local/lib/python3.8/dist-packages/selenium/webdriver/remote/errorhandler.py", line 249, in check_response
    raise exception_class(message, screen, stacktrace)
selenium.common.exceptions.WebDriverException: Message: unknown error: net::ERR_NAME_NOT_RESOLVED
  (Session info: headless chrome=108.0.5359.124)
Stacktrace:
#0 0x565484f4a2a3 <unknown>
#1 0x565484d08f77 <unknown>
#2 0x565484d00e35 <unknown>
#3 0x565484cf3f27 <unknown>
#4 0x565484cf52d9 <unknown>
#5 0x565484cf429e <unknown>
#6 0x565484cf33d2 <unknown>
#7 0x565484cf3225 <unknown>
#8 0x565484cf1dc6 <unknown>
#9 0x565484cf2244 <unknown>
#10 0x565484d0ae88 <unknown>
#11 0x565484d7db05 <unknown>
#12 0x565484d65b32 <unknown>
#13 0x565484d7d47c <unknown>
#14 0x565484d65903 <unknown>
#15 0x565484d38ece <unknown>
#16 0x565484d39fde <unknown>
#17 0x565484f9a63e <unknown>
#18 0x565484f9db79 <unknown>
#19 0x565484f8089e <unknown>
#20 0x565484f9ea83 <unknown>
#21 0x565484f73505 <unknown>
#22 0x565484fbfca8 <unknown>
#23 0x565484fbfe36 <unknown>
#24 0x565484fdb333 <unknown>
#25 0x7f05c6628609 start_thread

[2023-01-06T11:17:24.713+0530] {taskinstance.py:1322} INFO - Marking task as UP_FOR_RETRY. dag_id=Monthly, task_id=extract2, execution_date=20230105T000000, start_date=20230106T054711, end_date=20230106T054724
[2023-01-06T11:17:24.737+0530] {standard_task_runner.py:100} ERROR - Failed to execute job 2891 for task extract2 (Message: unknown error: net::ERR_NAME_NOT_RESOLVED
  (Session info: headless chrome=108.0.5359.124)
Stacktrace:
#0 0x565484f4a2a3 <unknown>
#1 0x565484d08f77 <unknown>
#2 0x565484d00e35 <unknown>
#3 0x565484cf3f27 <unknown>
#4 0x565484cf52d9 <unknown>
#5 0x565484cf429e <unknown>
#6 0x565484cf33d2 <unknown>
#7 0x565484cf3225 <unknown>
#8 0x565484cf1dc6 <unknown>
#9 0x565484cf2244 <unknown>
#10 0x565484d0ae88 <unknown>
#11 0x565484d7db05 <unknown>
#12 0x565484d65b32 <unknown>
#13 0x565484d7d47c <unknown>
#14 0x565484d65903 <unknown>
#15 0x565484d38ece <unknown>
#16 0x565484d39fde <unknown>
#17 0x565484f9a63e <unknown>
#18 0x565484f9db79 <unknown>
#19 0x565484f8089e <unknown>
#20 0x565484f9ea83 <unknown>
#21 0x565484f73505 <unknown>
#22 0x565484fbfca8 <unknown>
#23 0x565484fbfe36 <unknown>
#24 0x565484fdb333 <unknown>
#25 0x7f05c6628609 start_thread
; 32337)
[2023-01-06T11:17:24.757+0530] {local_task_job.py:159} INFO - Task exited with return code 1
[2023-01-06T11:17:24.773+0530] {taskinstance.py:2582} INFO - 0 downstream tasks scheduled from follow-on schedule check
