[2023-01-07T11:39:42.300+0530] {taskinstance.py:1087} INFO - Dependencies all met for <TaskInstance: FX__Turnover.extract scheduled__2023-01-06T00:00:00+00:00 [queued]>
[2023-01-07T11:39:42.339+0530] {taskinstance.py:1087} INFO - Dependencies all met for <TaskInstance: FX__Turnover.extract scheduled__2023-01-06T00:00:00+00:00 [queued]>
[2023-01-07T11:39:42.339+0530] {taskinstance.py:1283} INFO - 
--------------------------------------------------------------------------------
[2023-01-07T11:39:42.340+0530] {taskinstance.py:1284} INFO - Starting attempt 4 of 4
[2023-01-07T11:39:42.340+0530] {taskinstance.py:1285} INFO - 
--------------------------------------------------------------------------------
[2023-01-07T11:39:42.400+0530] {taskinstance.py:1304} INFO - Executing <Task(PythonOperator): extract> on 2023-01-06 00:00:00+00:00
[2023-01-07T11:39:42.425+0530] {standard_task_runner.py:55} INFO - Started process 5800 to run task
[2023-01-07T11:39:42.432+0530] {standard_task_runner.py:82} INFO - Running: ['airflow', 'tasks', 'run', 'FX__Turnover', 'extract', 'scheduled__2023-01-06T00:00:00+00:00', '--job-id', '2949', '--raw', '--subdir', 'DAGS_FOLDER/FX_turnover.py', '--cfg-path', '/tmp/tmpth1zoa3b']
[2023-01-07T11:39:42.438+0530] {standard_task_runner.py:83} INFO - Job 2949: Subtask extract
[2023-01-07T11:39:42.630+0530] {task_command.py:389} INFO - Running <TaskInstance: FX__Turnover.extract scheduled__2023-01-06T00:00:00+00:00 [running]> on host DESKTOP-SQIOQPD.
[2023-01-07T11:39:42.939+0530] {taskinstance.py:1511} INFO - Exporting the following env vars:
AIRFLOW_CTX_DAG_EMAIL=nikheleshbhattacharyya@gmail.com
AIRFLOW_CTX_DAG_OWNER=airflow
AIRFLOW_CTX_DAG_ID=FX__Turnover
AIRFLOW_CTX_TASK_ID=extract
AIRFLOW_CTX_EXECUTION_DATE=2023-01-06T00:00:00+00:00
AIRFLOW_CTX_TRY_NUMBER=4
AIRFLOW_CTX_DAG_RUN_ID=scheduled__2023-01-06T00:00:00+00:00
[2023-01-07T11:40:50.779+0530] {taskinstance.py:1772} ERROR - Task failed with exception
Traceback (most recent call last):
  File "/usr/local/lib/python3.8/dist-packages/airflow/operators/python.py", line 175, in execute
    return_value = self.execute_callable()
  File "/usr/local/lib/python3.8/dist-packages/airflow/operators/python.py", line 192, in execute_callable
    return self.python_callable(*self.op_args, **self.op_kwargs)
  File "/root/airflow/dags/FX_turnover.py", line 137, in extract_fxturn
    driver = webdriver.Chrome('/usr/local/bin/chromedriver',options=chrome_options)
  File "/usr/local/lib/python3.8/dist-packages/selenium/webdriver/chrome/webdriver.py", line 81, in __init__
    super().__init__(
  File "/usr/local/lib/python3.8/dist-packages/selenium/webdriver/chromium/webdriver.py", line 106, in __init__
    super().__init__(
  File "/usr/local/lib/python3.8/dist-packages/selenium/webdriver/remote/webdriver.py", line 288, in __init__
    self.start_session(capabilities, browser_profile)
  File "/usr/local/lib/python3.8/dist-packages/selenium/webdriver/remote/webdriver.py", line 381, in start_session
    response = self.execute(Command.NEW_SESSION, parameters)
  File "/usr/local/lib/python3.8/dist-packages/selenium/webdriver/remote/webdriver.py", line 444, in execute
    self.error_handler.check_response(response)
  File "/usr/local/lib/python3.8/dist-packages/selenium/webdriver/remote/errorhandler.py", line 249, in check_response
    raise exception_class(message, screen, stacktrace)
selenium.common.exceptions.WebDriverException: Message: chrome not reachable
Stacktrace:
#0 0x5591d56e62a3 <unknown>
#1 0x5591d54a4dfd <unknown>
#2 0x5591d549314b <unknown>
#3 0x5591d54d1843 <unknown>
#4 0x5591d54cccae <unknown>
#5 0x5591d54c97d0 <unknown>
#6 0x5591d550a0b7 <unknown>
#7 0x5591d5509a5f <unknown>
#8 0x5591d5501903 <unknown>
#9 0x5591d54d4ece <unknown>
#10 0x5591d54d5fde <unknown>
#11 0x5591d573663e <unknown>
#12 0x5591d5739b79 <unknown>
#13 0x5591d571c89e <unknown>
#14 0x5591d573aa83 <unknown>
#15 0x5591d570f505 <unknown>
#16 0x5591d575bca8 <unknown>
#17 0x5591d575be36 <unknown>
#18 0x5591d5777333 <unknown>
#19 0x7f225d620609 start_thread

[2023-01-07T11:40:50.893+0530] {taskinstance.py:1322} INFO - Marking task as FAILED. dag_id=FX__Turnover, task_id=extract, execution_date=20230106T000000, start_date=20230107T060942, end_date=20230107T061050
[2023-01-07T11:40:51.004+0530] {logging_mixin.py:137} WARNING - /usr/local/lib/python3.8/dist-packages/airflow/utils/email.py:120 RemovedInAirflow3Warning: Fetching SMTP credentials from configuration variables will be deprecated in a future release. Please set credentials using a connection instead.
[2023-01-07T11:40:51.005+0530] {configuration.py:635} WARNING - section/key [smtp/smtp_user] not found in config
[2023-01-07T11:40:51.005+0530] {email.py:229} INFO - Email alerting: attempt 1
[2023-01-07T11:40:51.036+0530] {configuration.py:635} WARNING - section/key [smtp/smtp_user] not found in config
[2023-01-07T11:40:51.037+0530] {email.py:229} INFO - Email alerting: attempt 1
[2023-01-07T11:40:51.039+0530] {taskinstance.py:1835} ERROR - Failed to send email to: ['nikheleshbhattacharyya@gmail.com']
Traceback (most recent call last):
  File "/usr/local/lib/python3.8/dist-packages/airflow/models/taskinstance.py", line 1378, in _run_raw_task
    self._execute_task_with_callbacks(context, test_mode)
  File "/usr/local/lib/python3.8/dist-packages/airflow/models/taskinstance.py", line 1524, in _execute_task_with_callbacks
    result = self._execute_task(context, task_orig)
  File "/usr/local/lib/python3.8/dist-packages/airflow/models/taskinstance.py", line 1585, in _execute_task
    result = execute_callable(context=context)
  File "/usr/local/lib/python3.8/dist-packages/airflow/operators/python.py", line 175, in execute
    return_value = self.execute_callable()
  File "/usr/local/lib/python3.8/dist-packages/airflow/operators/python.py", line 192, in execute_callable
    return self.python_callable(*self.op_args, **self.op_kwargs)
  File "/root/airflow/dags/FX_turnover.py", line 137, in extract_fxturn
    driver = webdriver.Chrome('/usr/local/bin/chromedriver',options=chrome_options)
  File "/usr/local/lib/python3.8/dist-packages/selenium/webdriver/chrome/webdriver.py", line 81, in __init__
    super().__init__(
  File "/usr/local/lib/python3.8/dist-packages/selenium/webdriver/chromium/webdriver.py", line 106, in __init__
    super().__init__(
  File "/usr/local/lib/python3.8/dist-packages/selenium/webdriver/remote/webdriver.py", line 288, in __init__
    self.start_session(capabilities, browser_profile)
  File "/usr/local/lib/python3.8/dist-packages/selenium/webdriver/remote/webdriver.py", line 381, in start_session
    response = self.execute(Command.NEW_SESSION, parameters)
  File "/usr/local/lib/python3.8/dist-packages/selenium/webdriver/remote/webdriver.py", line 444, in execute
    self.error_handler.check_response(response)
  File "/usr/local/lib/python3.8/dist-packages/selenium/webdriver/remote/errorhandler.py", line 249, in check_response
    raise exception_class(message, screen, stacktrace)
selenium.common.exceptions.WebDriverException: Message: chrome not reachable
Stacktrace:
#0 0x5591d56e62a3 <unknown>
#1 0x5591d54a4dfd <unknown>
#2 0x5591d549314b <unknown>
#3 0x5591d54d1843 <unknown>
#4 0x5591d54cccae <unknown>
#5 0x5591d54c97d0 <unknown>
#6 0x5591d550a0b7 <unknown>
#7 0x5591d5509a5f <unknown>
#8 0x5591d5501903 <unknown>
#9 0x5591d54d4ece <unknown>
#10 0x5591d54d5fde <unknown>
#11 0x5591d573663e <unknown>
#12 0x5591d5739b79 <unknown>
#13 0x5591d571c89e <unknown>
#14 0x5591d573aa83 <unknown>
#15 0x5591d570f505 <unknown>
#16 0x5591d575bca8 <unknown>
#17 0x5591d575be36 <unknown>
#18 0x5591d5777333 <unknown>
#19 0x7f225d620609 start_thread


During handling of the above exception, another exception occurred:

Traceback (most recent call last):
  File "/usr/local/lib/python3.8/dist-packages/airflow/models/taskinstance.py", line 2235, in email_alert
    send_email(task.email, subject, html_content)
  File "/usr/local/lib/python3.8/dist-packages/airflow/utils/email.py", line 59, in send_email
    return backend(
  File "/usr/local/lib/python3.8/dist-packages/airflow/utils/email.py", line 120, in send_email_smtp
    send_mime_email(e_from=mail_from, e_to=recipients, mime_msg=msg, conn_id=conn_id, dryrun=dryrun)
  File "/usr/local/lib/python3.8/dist-packages/airflow/utils/email.py", line 231, in send_mime_email
    smtp_conn = _get_smtp_connection(smtp_host, smtp_port, smtp_timeout, smtp_ssl)
  File "/usr/local/lib/python3.8/dist-packages/airflow/utils/email.py", line 265, in _get_smtp_connection
    else smtplib.SMTP(host=host, port=port, timeout=timeout)
  File "/usr/lib/python3.8/smtplib.py", line 255, in __init__
    (code, msg) = self.connect(host, port)
  File "/usr/lib/python3.8/smtplib.py", line 339, in connect
    self.sock = self._get_socket(host, port, self.timeout)
  File "/usr/lib/python3.8/smtplib.py", line 310, in _get_socket
    return socket.create_connection((host, port), timeout,
  File "/usr/lib/python3.8/socket.py", line 808, in create_connection
    raise err
  File "/usr/lib/python3.8/socket.py", line 796, in create_connection
    sock.connect(sa)
ConnectionRefusedError: [Errno 111] Connection refused

During handling of the above exception, another exception occurred:

Traceback (most recent call last):
  File "/usr/local/lib/python3.8/dist-packages/airflow/models/taskinstance.py", line 1833, in handle_failure
    self.email_alert(error, task)
  File "/usr/local/lib/python3.8/dist-packages/airflow/models/taskinstance.py", line 2237, in email_alert
    send_email(task.email, subject, html_content_err)
  File "/usr/local/lib/python3.8/dist-packages/airflow/utils/email.py", line 59, in send_email
    return backend(
  File "/usr/local/lib/python3.8/dist-packages/airflow/utils/email.py", line 120, in send_email_smtp
    send_mime_email(e_from=mail_from, e_to=recipients, mime_msg=msg, conn_id=conn_id, dryrun=dryrun)
  File "/usr/local/lib/python3.8/dist-packages/airflow/utils/email.py", line 231, in send_mime_email
    smtp_conn = _get_smtp_connection(smtp_host, smtp_port, smtp_timeout, smtp_ssl)
  File "/usr/local/lib/python3.8/dist-packages/airflow/utils/email.py", line 265, in _get_smtp_connection
    else smtplib.SMTP(host=host, port=port, timeout=timeout)
  File "/usr/lib/python3.8/smtplib.py", line 255, in __init__
    (code, msg) = self.connect(host, port)
  File "/usr/lib/python3.8/smtplib.py", line 339, in connect
    self.sock = self._get_socket(host, port, self.timeout)
  File "/usr/lib/python3.8/smtplib.py", line 310, in _get_socket
    return socket.create_connection((host, port), timeout,
  File "/usr/lib/python3.8/socket.py", line 808, in create_connection
    raise err
  File "/usr/lib/python3.8/socket.py", line 796, in create_connection
    sock.connect(sa)
ConnectionRefusedError: [Errno 111] Connection refused
[2023-01-07T11:40:51.202+0530] {standard_task_runner.py:100} ERROR - Failed to execute job 2949 for task extract (Message: chrome not reachable
Stacktrace:
#0 0x5591d56e62a3 <unknown>
#1 0x5591d54a4dfd <unknown>
#2 0x5591d549314b <unknown>
#3 0x5591d54d1843 <unknown>
#4 0x5591d54cccae <unknown>
#5 0x5591d54c97d0 <unknown>
#6 0x5591d550a0b7 <unknown>
#7 0x5591d5509a5f <unknown>
#8 0x5591d5501903 <unknown>
#9 0x5591d54d4ece <unknown>
#10 0x5591d54d5fde <unknown>
#11 0x5591d573663e <unknown>
#12 0x5591d5739b79 <unknown>
#13 0x5591d571c89e <unknown>
#14 0x5591d573aa83 <unknown>
#15 0x5591d570f505 <unknown>
#16 0x5591d575bca8 <unknown>
#17 0x5591d575be36 <unknown>
#18 0x5591d5777333 <unknown>
#19 0x7f225d620609 start_thread
; 5800)
[2023-01-07T11:40:51.280+0530] {local_task_job.py:159} INFO - Task exited with return code 1
[2023-01-07T11:40:51.414+0530] {taskinstance.py:2582} INFO - 0 downstream tasks scheduled from follow-on schedule check
