[2023-02-03T11:47:45.609+0530] {taskinstance.py:1087} INFO - Dependencies all met for <TaskInstance: Monthly.extract manual__2023-02-03T06:05:58.663215+00:00 [queued]>
[2023-02-03T11:47:45.617+0530] {taskinstance.py:1087} INFO - Dependencies all met for <TaskInstance: Monthly.extract manual__2023-02-03T06:05:58.663215+00:00 [queued]>
[2023-02-03T11:47:45.617+0530] {taskinstance.py:1283} INFO - 
--------------------------------------------------------------------------------
[2023-02-03T11:47:45.617+0530] {taskinstance.py:1284} INFO - Starting attempt 4 of 4
[2023-02-03T11:47:45.617+0530] {taskinstance.py:1285} INFO - 
--------------------------------------------------------------------------------
[2023-02-03T11:47:45.641+0530] {taskinstance.py:1304} INFO - Executing <Task(PythonOperator): extract> on 2023-02-03 06:05:58.663215+00:00
[2023-02-03T11:47:45.647+0530] {standard_task_runner.py:55} INFO - Started process 20511 to run task
[2023-02-03T11:47:45.651+0530] {standard_task_runner.py:82} INFO - Running: ['airflow', 'tasks', 'run', 'Monthly', 'extract', 'manual__2023-02-03T06:05:58.663215+00:00', '--job-id', '3925', '--raw', '--subdir', 'DAGS_FOLDER/Monthly.py', '--cfg-path', '/tmp/tmp4jk38hwo']
[2023-02-03T11:47:45.653+0530] {standard_task_runner.py:83} INFO - Job 3925: Subtask extract
[2023-02-03T11:47:45.743+0530] {task_command.py:389} INFO - Running <TaskInstance: Monthly.extract manual__2023-02-03T06:05:58.663215+00:00 [running]> on host DESKTOP-SQIOQPD.
[2023-02-03T11:47:45.894+0530] {taskinstance.py:1511} INFO - Exporting the following env vars:
AIRFLOW_CTX_DAG_EMAIL=nikheleshbhattacharyya@gmail.com
AIRFLOW_CTX_DAG_OWNER=airflow
AIRFLOW_CTX_DAG_ID=Monthly
AIRFLOW_CTX_TASK_ID=extract
AIRFLOW_CTX_EXECUTION_DATE=2023-02-03T06:05:58.663215+00:00
AIRFLOW_CTX_TRY_NUMBER=4
AIRFLOW_CTX_DAG_RUN_ID=manual__2023-02-03T06:05:58.663215+00:00
[2023-02-03T11:49:44.411+0530] {taskinstance.py:1772} ERROR - Task failed with exception
Traceback (most recent call last):
  File "/usr/local/lib/python3.8/dist-packages/airflow/operators/python.py", line 175, in execute
    return_value = self.execute_callable()
  File "/usr/local/lib/python3.8/dist-packages/airflow/operators/python.py", line 192, in execute_callable
    return self.python_callable(*self.op_args, **self.op_kwargs)
  File "/root/airflow/dags/Monthly.py", line 478, in extract
    elem = driver.find_element(By.CLASS_NAME,"tablebg")
  File "/usr/local/lib/python3.8/dist-packages/selenium/webdriver/remote/webdriver.py", line 861, in find_element
    return self.execute(Command.FIND_ELEMENT, {"using": by, "value": value})["value"]
  File "/usr/local/lib/python3.8/dist-packages/selenium/webdriver/remote/webdriver.py", line 444, in execute
    self.error_handler.check_response(response)
  File "/usr/local/lib/python3.8/dist-packages/selenium/webdriver/remote/errorhandler.py", line 249, in check_response
    raise exception_class(message, screen, stacktrace)
selenium.common.exceptions.NoSuchElementException: Message: no such element: Unable to locate element: {"method":"css selector","selector":".tablebg"}
  (Session info: headless chrome=108.0.5359.124)
Stacktrace:
#0 0x5594ddb252a3 <unknown>
#1 0x5594dd8e3f77 <unknown>
#2 0x5594dd92080c <unknown>
#3 0x5594dd920a71 <unknown>
#4 0x5594dd95a734 <unknown>
#5 0x5594dd940b5d <unknown>
#6 0x5594dd95847c <unknown>
#7 0x5594dd940903 <unknown>
#8 0x5594dd913ece <unknown>
#9 0x5594dd914fde <unknown>
#10 0x5594ddb7563e <unknown>
#11 0x5594ddb78b79 <unknown>
#12 0x5594ddb5b89e <unknown>
#13 0x5594ddb79a83 <unknown>
#14 0x5594ddb4e505 <unknown>
#15 0x5594ddb9aca8 <unknown>
#16 0x5594ddb9ae36 <unknown>
#17 0x5594ddbb6333 <unknown>
#18 0x7fbf5a1bc609 start_thread

[2023-02-03T11:49:44.450+0530] {taskinstance.py:1322} INFO - Marking task as FAILED. dag_id=Monthly, task_id=extract, execution_date=20230203T060558, start_date=20230203T061745, end_date=20230203T061944
[2023-02-03T11:49:44.507+0530] {logging_mixin.py:137} WARNING - /usr/local/lib/python3.8/dist-packages/airflow/utils/email.py:120 RemovedInAirflow3Warning: Fetching SMTP credentials from configuration variables will be deprecated in a future release. Please set credentials using a connection instead.
[2023-02-03T11:49:44.508+0530] {configuration.py:635} WARNING - section/key [smtp/smtp_user] not found in config
[2023-02-03T11:49:44.508+0530] {email.py:229} INFO - Email alerting: attempt 1
[2023-02-03T11:49:44.512+0530] {configuration.py:635} WARNING - section/key [smtp/smtp_user] not found in config
[2023-02-03T11:49:44.513+0530] {email.py:229} INFO - Email alerting: attempt 1
[2023-02-03T11:49:44.513+0530] {taskinstance.py:1835} ERROR - Failed to send email to: ['nikheleshbhattacharyya@gmail.com']
Traceback (most recent call last):
  File "/usr/local/lib/python3.8/dist-packages/airflow/models/taskinstance.py", line 1378, in _run_raw_task
    self._execute_task_with_callbacks(context, test_mode)
  File "/usr/local/lib/python3.8/dist-packages/airflow/models/taskinstance.py", line 1524, in _execute_task_with_callbacks
    result = self._execute_task(context, task_orig)
  File "/usr/local/lib/python3.8/dist-packages/airflow/models/taskinstance.py", line 1585, in _execute_task
    result = execute_callable(context=context)
  File "/usr/local/lib/python3.8/dist-packages/airflow/operators/python.py", line 175, in execute
    return_value = self.execute_callable()
  File "/usr/local/lib/python3.8/dist-packages/airflow/operators/python.py", line 192, in execute_callable
    return self.python_callable(*self.op_args, **self.op_kwargs)
  File "/root/airflow/dags/Monthly.py", line 478, in extract
    elem = driver.find_element(By.CLASS_NAME,"tablebg")
  File "/usr/local/lib/python3.8/dist-packages/selenium/webdriver/remote/webdriver.py", line 861, in find_element
    return self.execute(Command.FIND_ELEMENT, {"using": by, "value": value})["value"]
  File "/usr/local/lib/python3.8/dist-packages/selenium/webdriver/remote/webdriver.py", line 444, in execute
    self.error_handler.check_response(response)
  File "/usr/local/lib/python3.8/dist-packages/selenium/webdriver/remote/errorhandler.py", line 249, in check_response
    raise exception_class(message, screen, stacktrace)
selenium.common.exceptions.NoSuchElementException: Message: no such element: Unable to locate element: {"method":"css selector","selector":".tablebg"}
  (Session info: headless chrome=108.0.5359.124)
Stacktrace:
#0 0x5594ddb252a3 <unknown>
#1 0x5594dd8e3f77 <unknown>
#2 0x5594dd92080c <unknown>
#3 0x5594dd920a71 <unknown>
#4 0x5594dd95a734 <unknown>
#5 0x5594dd940b5d <unknown>
#6 0x5594dd95847c <unknown>
#7 0x5594dd940903 <unknown>
#8 0x5594dd913ece <unknown>
#9 0x5594dd914fde <unknown>
#10 0x5594ddb7563e <unknown>
#11 0x5594ddb78b79 <unknown>
#12 0x5594ddb5b89e <unknown>
#13 0x5594ddb79a83 <unknown>
#14 0x5594ddb4e505 <unknown>
#15 0x5594ddb9aca8 <unknown>
#16 0x5594ddb9ae36 <unknown>
#17 0x5594ddbb6333 <unknown>
#18 0x7fbf5a1bc609 start_thread


During handling of the above exception, another exception occurred:

Traceback (most recent call last):
  File "/usr/local/lib/python3.8/dist-packages/airflow/models/taskinstance.py", line 2235, in email_alert
    send_email(task.email, subject, html_content)
  File "/usr/local/lib/python3.8/dist-packages/airflow/utils/email.py", line 59, in send_email
    return backend(
  File "/usr/local/lib/python3.8/dist-packages/airflow/utils/email.py", line 120, in send_email_smtp
    send_mime_email(e_from=mail_from, e_to=recipients, mime_msg=msg, conn_id=conn_id, dryrun=dryrun)
  File "/usr/local/lib/python3.8/dist-packages/airflow/utils/email.py", line 231, in send_mime_email
    smtp_conn = _get_smtp_connection(smtp_host, smtp_port, smtp_timeout, smtp_ssl)
  File "/usr/local/lib/python3.8/dist-packages/airflow/utils/email.py", line 265, in _get_smtp_connection
    else smtplib.SMTP(host=host, port=port, timeout=timeout)
  File "/usr/lib/python3.8/smtplib.py", line 255, in __init__
    (code, msg) = self.connect(host, port)
  File "/usr/lib/python3.8/smtplib.py", line 339, in connect
    self.sock = self._get_socket(host, port, self.timeout)
  File "/usr/lib/python3.8/smtplib.py", line 310, in _get_socket
    return socket.create_connection((host, port), timeout,
  File "/usr/lib/python3.8/socket.py", line 808, in create_connection
    raise err
  File "/usr/lib/python3.8/socket.py", line 796, in create_connection
    sock.connect(sa)
ConnectionRefusedError: [Errno 111] Connection refused

During handling of the above exception, another exception occurred:

Traceback (most recent call last):
  File "/usr/local/lib/python3.8/dist-packages/airflow/models/taskinstance.py", line 1833, in handle_failure
    self.email_alert(error, task)
  File "/usr/local/lib/python3.8/dist-packages/airflow/models/taskinstance.py", line 2237, in email_alert
    send_email(task.email, subject, html_content_err)
  File "/usr/local/lib/python3.8/dist-packages/airflow/utils/email.py", line 59, in send_email
    return backend(
  File "/usr/local/lib/python3.8/dist-packages/airflow/utils/email.py", line 120, in send_email_smtp
    send_mime_email(e_from=mail_from, e_to=recipients, mime_msg=msg, conn_id=conn_id, dryrun=dryrun)
  File "/usr/local/lib/python3.8/dist-packages/airflow/utils/email.py", line 231, in send_mime_email
    smtp_conn = _get_smtp_connection(smtp_host, smtp_port, smtp_timeout, smtp_ssl)
  File "/usr/local/lib/python3.8/dist-packages/airflow/utils/email.py", line 265, in _get_smtp_connection
    else smtplib.SMTP(host=host, port=port, timeout=timeout)
  File "/usr/lib/python3.8/smtplib.py", line 255, in __init__
    (code, msg) = self.connect(host, port)
  File "/usr/lib/python3.8/smtplib.py", line 339, in connect
    self.sock = self._get_socket(host, port, self.timeout)
  File "/usr/lib/python3.8/smtplib.py", line 310, in _get_socket
    return socket.create_connection((host, port), timeout,
  File "/usr/lib/python3.8/socket.py", line 808, in create_connection
    raise err
  File "/usr/lib/python3.8/socket.py", line 796, in create_connection
    sock.connect(sa)
ConnectionRefusedError: [Errno 111] Connection refused
[2023-02-03T11:49:44.542+0530] {standard_task_runner.py:100} ERROR - Failed to execute job 3925 for task extract (Message: no such element: Unable to locate element: {"method":"css selector","selector":".tablebg"}
  (Session info: headless chrome=108.0.5359.124)
Stacktrace:
#0 0x5594ddb252a3 <unknown>
#1 0x5594dd8e3f77 <unknown>
#2 0x5594dd92080c <unknown>
#3 0x5594dd920a71 <unknown>
#4 0x5594dd95a734 <unknown>
#5 0x5594dd940b5d <unknown>
#6 0x5594dd95847c <unknown>
#7 0x5594dd940903 <unknown>
#8 0x5594dd913ece <unknown>
#9 0x5594dd914fde <unknown>
#10 0x5594ddb7563e <unknown>
#11 0x5594ddb78b79 <unknown>
#12 0x5594ddb5b89e <unknown>
#13 0x5594ddb79a83 <unknown>
#14 0x5594ddb4e505 <unknown>
#15 0x5594ddb9aca8 <unknown>
#16 0x5594ddb9ae36 <unknown>
#17 0x5594ddbb6333 <unknown>
#18 0x7fbf5a1bc609 start_thread
; 20511)
[2023-02-03T11:49:44.580+0530] {local_task_job.py:159} INFO - Task exited with return code 1
[2023-02-03T11:49:44.625+0530] {taskinstance.py:2582} INFO - 0 downstream tasks scheduled from follow-on schedule check
