[2023-02-24T09:29:33.250+0530] {taskinstance.py:1087} INFO - Dependencies all met for <TaskInstance: Monthly.extract scheduled__2023-02-23T00:00:00+00:00 [queued]>
[2023-02-24T09:29:33.262+0530] {taskinstance.py:1087} INFO - Dependencies all met for <TaskInstance: Monthly.extract scheduled__2023-02-23T00:00:00+00:00 [queued]>
[2023-02-24T09:29:33.263+0530] {taskinstance.py:1283} INFO - 
--------------------------------------------------------------------------------
[2023-02-24T09:29:33.263+0530] {taskinstance.py:1284} INFO - Starting attempt 1 of 4
[2023-02-24T09:29:33.263+0530] {taskinstance.py:1285} INFO - 
--------------------------------------------------------------------------------
[2023-02-24T09:29:33.281+0530] {taskinstance.py:1304} INFO - Executing <Task(PythonOperator): extract> on 2023-02-23 00:00:00+00:00
[2023-02-24T09:29:33.301+0530] {standard_task_runner.py:55} INFO - Started process 5637 to run task
[2023-02-24T09:29:33.305+0530] {standard_task_runner.py:82} INFO - Running: ['airflow', 'tasks', 'run', 'Monthly', 'extract', 'scheduled__2023-02-23T00:00:00+00:00', '--job-id', '4691', '--raw', '--subdir', 'DAGS_FOLDER/Monthly.py', '--cfg-path', '/tmp/tmpwqqqyetd']
[2023-02-24T09:29:33.307+0530] {standard_task_runner.py:83} INFO - Job 4691: Subtask extract
[2023-02-24T09:29:33.367+0530] {task_command.py:389} INFO - Running <TaskInstance: Monthly.extract scheduled__2023-02-23T00:00:00+00:00 [running]> on host DESKTOP-SQIOQPD.
[2023-02-24T09:29:33.492+0530] {taskinstance.py:1511} INFO - Exporting the following env vars:
AIRFLOW_CTX_DAG_EMAIL=nikheleshbhattacharyya@gmail.com
AIRFLOW_CTX_DAG_OWNER=airflow
AIRFLOW_CTX_DAG_ID=Monthly
AIRFLOW_CTX_TASK_ID=extract
AIRFLOW_CTX_EXECUTION_DATE=2023-02-23T00:00:00+00:00
AIRFLOW_CTX_TRY_NUMBER=1
AIRFLOW_CTX_DAG_RUN_ID=scheduled__2023-02-23T00:00:00+00:00
[2023-02-24T09:29:49.462+0530] {taskinstance.py:1772} ERROR - Task failed with exception
Traceback (most recent call last):
  File "/usr/local/lib/python3.8/dist-packages/airflow/operators/python.py", line 175, in execute
    return_value = self.execute_callable()
  File "/usr/local/lib/python3.8/dist-packages/airflow/operators/python.py", line 192, in execute_callable
    return self.python_callable(*self.op_args, **self.op_kwargs)
  File "/root/airflow/dags/Monthly.py", line 469, in extract
    driver.get(url)
  File "/usr/local/lib/python3.8/dist-packages/selenium/webdriver/remote/webdriver.py", line 449, in get
    self.execute(Command.GET, {"url": url})
  File "/usr/local/lib/python3.8/dist-packages/selenium/webdriver/remote/webdriver.py", line 440, in execute
    self.error_handler.check_response(response)
  File "/usr/local/lib/python3.8/dist-packages/selenium/webdriver/remote/errorhandler.py", line 245, in check_response
    raise exception_class(message, screen, stacktrace)
selenium.common.exceptions.WebDriverException: Message: unknown error: net::ERR_NAME_NOT_RESOLVED
  (Session info: headless chrome=109.0.5414.119)
Stacktrace:
#0 0x56435e9e1303 <unknown>
#1 0x56435e7b5d37 <unknown>
#2 0x56435e7add85 <unknown>
#3 0x56435e7a0f87 <unknown>
#4 0x56435e7a24e9 <unknown>
#5 0x56435e7a12fe <unknown>
#6 0x56435e7a0432 <unknown>
#7 0x56435e7a0285 <unknown>
#8 0x56435e79ec77 <unknown>
#9 0x56435e79f2a4 <unknown>
#10 0x56435e7b7c48 <unknown>
#11 0x56435e82af15 <unknown>
#12 0x56435e812982 <unknown>
#13 0x56435e82a88c <unknown>
#14 0x56435e812753 <unknown>
#15 0x56435e7e5a14 <unknown>
#16 0x56435e7e6b7e <unknown>
#17 0x56435ea3032e <unknown>
#18 0x56435ea33c0e <unknown>
#19 0x56435ea16610 <unknown>
#20 0x56435ea34c23 <unknown>
#21 0x56435ea08545 <unknown>
#22 0x56435ea556a8 <unknown>
#23 0x56435ea55836 <unknown>
#24 0x56435ea70d13 <unknown>
#25 0x7f9a184a9609 start_thread

[2023-02-24T09:29:49.475+0530] {taskinstance.py:1322} INFO - Marking task as UP_FOR_RETRY. dag_id=Monthly, task_id=extract, execution_date=20230223T000000, start_date=20230224T035933, end_date=20230224T035949
[2023-02-24T09:29:49.498+0530] {standard_task_runner.py:100} ERROR - Failed to execute job 4691 for task extract (Message: unknown error: net::ERR_NAME_NOT_RESOLVED
  (Session info: headless chrome=109.0.5414.119)
Stacktrace:
#0 0x56435e9e1303 <unknown>
#1 0x56435e7b5d37 <unknown>
#2 0x56435e7add85 <unknown>
#3 0x56435e7a0f87 <unknown>
#4 0x56435e7a24e9 <unknown>
#5 0x56435e7a12fe <unknown>
#6 0x56435e7a0432 <unknown>
#7 0x56435e7a0285 <unknown>
#8 0x56435e79ec77 <unknown>
#9 0x56435e79f2a4 <unknown>
#10 0x56435e7b7c48 <unknown>
#11 0x56435e82af15 <unknown>
#12 0x56435e812982 <unknown>
#13 0x56435e82a88c <unknown>
#14 0x56435e812753 <unknown>
#15 0x56435e7e5a14 <unknown>
#16 0x56435e7e6b7e <unknown>
#17 0x56435ea3032e <unknown>
#18 0x56435ea33c0e <unknown>
#19 0x56435ea16610 <unknown>
#20 0x56435ea34c23 <unknown>
#21 0x56435ea08545 <unknown>
#22 0x56435ea556a8 <unknown>
#23 0x56435ea55836 <unknown>
#24 0x56435ea70d13 <unknown>
#25 0x7f9a184a9609 start_thread
; 5637)
[2023-02-24T09:29:56.885+0530] {local_task_job.py:159} INFO - Task exited with return code 1
[2023-02-24T09:29:56.998+0530] {taskinstance.py:2582} INFO - 0 downstream tasks scheduled from follow-on schedule check
